# JRE version: Java(TM) SE Runtime Environment (25.0.2+10) (build 25.0.2+10-LTS-69)
# Java VM: Java HotSpot(TM) 64-Bit Server VM (25.0.2+10-LTS-69, mixed mode, sharing, tiered, compressed oops, compressed class ptrs, g1 gc, windows-amd64)
GC Precious Log:
 CardTable entry size: 512
 Card Set container configuration: InlinePtr #cards 5 size 8 Array Of Cards #cards 10 size 36 Howl #buckets 4 coarsen threshold 1843 Howl Bitmap #cards 512 size 80 coarsen threshold 460 Card regions per heap region 1 cards per card region 2048
 CPUs: 4 total, 4 available
 Memory: 3534M
 Large Page Support: Disabled
 NUMA Support: Disabled
 Compressed Oops: Enabled (32-bit)
 Heap Region Size: 1M
 Heap Min Capacity: 8M
 Heap Initial Capacity: 56M
 Heap Max Capacity: 884M
 Pre-touch: Disabled
 Parallel Workers: 4
 Concurrent Workers: 1
 Concurrent Refinement Workers: 4
 Periodic GC: Disabled
Heap:
 garbage-first heap   total reserved 905216K, committed 59392K, used 30312K [0x00000000c8c00000, 0x0000000100000000)
  region size 1024K, 20 young (20480K), 3 survivors (3072K)
GC Heap Usage History (8 events):
Event: 4.985 {heap Before GC invocations=0 (full 0):
 garbage-first heap   total reserved 905216K, committed 59392K, used 29845K [0x00000000c8c00000, 0x0000000100000000)
  region size 1024K, 28 young (28672K), 0 survivors (0K)
}
Event: 4.996 {heap After GC invocations=1 (full 0):
 garbage-first heap   total reserved 905216K, committed 59392K, used 3477K [0x00000000c8c00000, 0x0000000100000000)
  region size 1024K, 3 young (3072K), 3 survivors (3072K)
}
Event: 7.132 {heap Before GC invocations=1 (full 0):
 garbage-first heap   total reserved 905216K, committed 59392K, used 27029K [0x00000000c8c00000, 0x0000000100000000)
  region size 1024K, 27 young (27648K), 3 survivors (3072K)
}
Event: 7.144 {heap After GC invocations=2 (full 0):
 garbage-first heap   total reserved 905216K, committed 59392K, used 5827K [0x00000000c8c00000, 0x0000000100000000)
  region size 1024K, 3 young (3072K), 3 survivors (3072K)
}
Event: 32.184 {heap Before GC invocations=2 (full 0):
 garbage-first heap   total reserved 905216K, committed 59392K, used 35523K [0x00000000c8c00000, 0x0000000100000000)
  region size 1024K, 31 young (31744K), 3 survivors (3072K)
}
Event: 32.211 {heap After GC invocations=3 (full 0):
 garbage-first heap   total reserved 905216K, committed 59392K, used 11151K [0x00000000c8c00000, 0x0000000100000000)
  region size 1024K, 4 young (4096K), 4 survivors (4096K)
}
Event: 57.573 {heap Before GC invocations=3 (full 0):
 garbage-first heap   total reserved 905216K, committed 59392K, used 38799K [0x00000000c8c00000, 0x0000000100000000)
  region size 1024K, 31 young (31744K), 4 survivors (4096K)
}
Event: 57.584 {heap After GC invocations=4 (full 0):
 garbage-first heap   total reserved 905216K, committed 59392K, used 13928K [0x00000000c8c00000, 0x0000000100000000)
  region size 1024K, 3 young (3072K), 3 survivors (3072K)
}

